<?xml version="1.0" encoding="UTF-8"?>
<coverage generated="1624442858753" clover="3.2.0">
  <project timestamp="1624442858753" name="All files">
    <metrics statements="30" coveredstatements="30" conditionals="6" coveredconditionals="5" methods="5" coveredmethods="5" elements="41" coveredelements="40" complexity="0" loc="30" ncloc="30" packages="1" files="2" classes="2"/>
    <file name="combinations.js" path="C:\jovanica_solo\old_mobile_typing\src\combinations.js">
      <metrics statements="20" coveredstatements="20" conditionals="6" coveredconditionals="5" methods="5" coveredmethods="5"/>
      <line num="1" count="1" type="stmt"/>
      <line num="2" count="1" type="stmt"/>
      <line num="3" count="1" type="stmt"/>
      <line num="5" count="1" type="stmt"/>
      <line num="6" count="9" type="stmt"/>
      <line num="7" count="9" type="cond" truecount="2" falsecount="0"/>
      <line num="8" count="2" type="stmt"/>
      <line num="10" count="7" type="stmt"/>
      <line num="11" count="7" type="cond" truecount="1" falsecount="1"/>
      <line num="12" count="7" type="stmt"/>
      <line num="13" count="159" type="stmt"/>
      <line num="14" count="504" type="stmt"/>
      <line num="20" count="7" type="stmt"/>
      <line num="22" count="1" type="stmt"/>
      <line num="23" count="3" type="cond" truecount="2" falsecount="0"/>
      <line num="24" count="1" type="stmt"/>
      <line num="26" count="2" type="stmt"/>
      <line num="27" count="351" type="stmt"/>
      <line num="28" count="2" type="stmt"/>
      <line num="32" count="1" type="stmt"/>
    </file>
    <file name="dictionary.js" path="C:\jovanica_solo\old_mobile_typing\src\dictionary.js">
      <metrics statements="10" coveredstatements="10" conditionals="0" coveredconditionals="0" methods="0" coveredmethods="0"/>
      <line num="1" count="1" type="stmt"/>
      <line num="2" count="1" type="stmt"/>
      <line num="3" count="1" type="stmt"/>
      <line num="4" count="1" type="stmt"/>
      <line num="5" count="1" type="stmt"/>
      <line num="6" count="1" type="stmt"/>
      <line num="7" count="1" type="stmt"/>
      <line num="8" count="1" type="stmt"/>
      <line num="9" count="1" type="stmt"/>
      <line num="11" count="1" type="stmt"/>
    </file>
  </project>
</coverage>
