{"C:\\jovanica_solo\\old_mobile_typing\\src\\combinations.js": {"path":"C:\\jovanica_solo\\old_mobile_typing\\src\\combinations.js","statementMap":{"0":{"start":{"line":1,"column":22},"end":{"line":1,"column":45}},"1":{"start":{"line":2,"column":17},"end":{"line":2,"column":44}},"2":{"start":{"line":3,"column":19},"end":{"line":3,"column":38}},"3":{"start":{"line":5,"column":22},"end":{"line":21,"column":1}},"4":{"start":{"line":6,"column":4},"end":{"line":6,"column":14}},"5":{"start":{"line":7,"column":3},"end":{"line":9,"column":5}},"6":{"start":{"line":8,"column":8},"end":{"line":8,"column":44}},"7":{"start":{"line":10,"column":23},"end":{"line":10,"column":74}},"8":{"start":{"line":11,"column":4},"end":{"line":18,"column":5}},"9":{"start":{"line":12,"column":8},"end":{"line":17,"column":10}},"10":{"start":{"line":13,"column":12},"end":{"line":16,"column":14}},"11":{"start":{"line":14,"column":16},"end":{"line":14,"column":39}},"12":{"start":{"line":20,"column":4},"end":{"line":20,"column":16}},"13":{"start":{"line":22,"column":20},"end":{"line":29,"column":1}},"14":{"start":{"line":23,"column":4},"end":{"line":25,"column":5}},"15":{"start":{"line":24,"column":8},"end":{"line":24,"column":17}},"16":{"start":{"line":26,"column":4},"end":{"line":26,"column":53}},"17":{"start":{"line":27,"column":22},"end":{"line":27,"column":75}},"18":{"start":{"line":27,"column":45},"end":{"line":27,"column":74}},"19":{"start":{"line":28,"column":4},"end":{"line":28,"column":20}},"20":{"start":{"line":32,"column":0},"end":{"line":32,"column":29}}},"fnMap":{"0":{"name":"(anonymous_0)","decl":{"start":{"line":5,"column":22},"end":{"line":5,"column":23}},"loc":{"start":{"line":5,"column":42},"end":{"line":21,"column":1}},"line":5},"1":{"name":"(anonymous_1)","decl":{"start":{"line":12,"column":29},"end":{"line":12,"column":30}},"loc":{"start":{"line":12,"column":37},"end":{"line":17,"column":9}},"line":12},"2":{"name":"(anonymous_2)","decl":{"start":{"line":13,"column":50},"end":{"line":13,"column":51}},"loc":{"start":{"line":13,"column":60},"end":{"line":16,"column":13}},"line":13},"3":{"name":"(anonymous_3)","decl":{"start":{"line":22,"column":20},"end":{"line":22,"column":21}},"loc":{"start":{"line":22,"column":33},"end":{"line":29,"column":1}},"line":22},"4":{"name":"(anonymous_4)","decl":{"start":{"line":27,"column":37},"end":{"line":27,"column":38}},"loc":{"start":{"line":27,"column":45},"end":{"line":27,"column":74}},"line":27}},"branchMap":{"0":{"loc":{"start":{"line":7,"column":3},"end":{"line":9,"column":5}},"type":"if","locations":[{"start":{"line":7,"column":3},"end":{"line":9,"column":5}},{"start":{"line":7,"column":3},"end":{"line":9,"column":5}}],"line":7},"1":{"loc":{"start":{"line":11,"column":4},"end":{"line":18,"column":5}},"type":"if","locations":[{"start":{"line":11,"column":4},"end":{"line":18,"column":5}},{"start":{"line":11,"column":4},"end":{"line":18,"column":5}}],"line":11},"2":{"loc":{"start":{"line":23,"column":4},"end":{"line":25,"column":5}},"type":"if","locations":[{"start":{"line":23,"column":4},"end":{"line":25,"column":5}},{"start":{"line":23,"column":4},"end":{"line":25,"column":5}}],"line":23}},"s":{"0":1,"1":1,"2":1,"3":1,"4":9,"5":9,"6":2,"7":7,"8":7,"9":7,"10":159,"11":504,"12":7,"13":1,"14":3,"15":1,"16":2,"17":2,"18":351,"19":2,"20":1},"f":{"0":9,"1":159,"2":504,"3":3,"4":351},"b":{"0":[2,7],"1":[7,0],"2":[1,2]},"_coverageSchema":"1a1c01bbd47fc00a2c39e90264f33305004495a9","hash":"7e6902c64a0b24e85e64aa229f5dd74fe30fa16a"}
,"C:\\jovanica_solo\\old_mobile_typing\\src\\dictionary.js": {"path":"C:\\jovanica_solo\\old_mobile_typing\\src\\dictionary.js","statementMap":{"0":{"start":{"line":1,"column":22},"end":{"line":1,"column":31}},"1":{"start":{"line":2,"column":0},"end":{"line":2,"column":39}},"2":{"start":{"line":3,"column":0},"end":{"line":3,"column":39}},"3":{"start":{"line":4,"column":0},"end":{"line":4,"column":40}},"4":{"start":{"line":5,"column":0},"end":{"line":5,"column":39}},"5":{"start":{"line":6,"column":0},"end":{"line":6,"column":39}},"6":{"start":{"line":7,"column":0},"end":{"line":7,"column":44}},"7":{"start":{"line":8,"column":0},"end":{"line":8,"column":39}},"8":{"start":{"line":9,"column":0},"end":{"line":9,"column":44}},"9":{"start":{"line":11,"column":0},"end":{"line":11,"column":30}}},"fnMap":{},"branchMap":{},"s":{"0":1,"1":1,"2":1,"3":1,"4":1,"5":1,"6":1,"7":1,"8":1,"9":1},"f":{},"b":{},"_coverageSchema":"1a1c01bbd47fc00a2c39e90264f33305004495a9","hash":"fd5a3ca8a39b491b3db296a250e50737df2b11fc"}
}
