TN:
SF:combinations.js
FN:5,(anonymous_0)
FN:12,(anonymous_1)
FN:13,(anonymous_2)
FN:22,(anonymous_3)
FN:27,(anonymous_4)
FNF:5
FNH:5
FNDA:9,(anonymous_0)
FNDA:159,(anonymous_1)
FNDA:504,(anonymous_2)
FNDA:3,(anonymous_3)
FNDA:351,(anonymous_4)
DA:1,1
DA:2,1
DA:3,1
DA:5,1
DA:6,9
DA:7,9
DA:8,2
DA:10,7
DA:11,7
DA:12,7
DA:13,159
DA:14,504
DA:20,7
DA:22,1
DA:23,3
DA:24,1
DA:26,2
DA:27,351
DA:28,2
DA:32,1
LF:20
LH:20
BRDA:7,0,0,2
BRDA:7,0,1,7
BRDA:11,1,0,7
BRDA:11,1,1,0
BRDA:23,2,0,1
BRDA:23,2,1,2
BRF:6
BRH:5
end_of_record
TN:
SF:dictionary.js
FNF:0
FNH:0
DA:1,1
DA:2,1
DA:3,1
DA:4,1
DA:5,1
DA:6,1
DA:7,1
DA:8,1
DA:9,1
DA:11,1
LF:10
LH:10
BRF:0
BRH:0
end_of_record
