TN:
SF:combinations.js
FN:5,(anonymous_0)
FN:12,(anonymous_1)
FN:13,(anonymous_2)
FN:22,(anonymous_3)
FN:27,(anonymous_4)
FNF:5
FNH:5
FNDA:16,(anonymous_0)
FNDA:439,(anonymous_1)
FNDA:1364,(anonymous_2)
FNDA:5,(anonymous_3)
FNDA:939,(anonymous_4)
DA:1,1
DA:2,1
DA:3,1
DA:5,1
DA:6,16
DA:7,16
DA:8,4
DA:10,12
DA:11,12
DA:12,12
DA:13,439
DA:14,1364
DA:20,12
DA:22,1
DA:23,5
DA:24,1
DA:26,4
DA:27,939
DA:28,4
DA:32,1
LF:20
LH:20
BRDA:7,0,0,4
BRDA:7,0,1,12
BRDA:11,1,0,12
BRDA:11,1,1,0
BRDA:23,2,0,1
BRDA:23,2,1,4
BRF:6
BRH:5
end_of_record
TN:
SF:dictionary.js
FNF:0
FNH:0
DA:1,1
DA:2,1
DA:3,1
DA:4,1
DA:5,1
DA:6,1
DA:7,1
DA:8,1
DA:9,1
DA:11,1
LF:10
LH:10
BRF:0
BRH:0
end_of_record
